<?xml version="1.0" encoding="UTF-8" ?>
<testsuite errors="0" failures="0" hostname="ROMzombie-PC" name="dream_manager.DreamToTemplateTests" tests="1" time="0.189" timestamp="2013-04-17T19:32:15">
  <properties />
  <testcase classname="dream_manager.DreamToTemplateTests" name="testSomething" time="0.069" />
  <system-out><![CDATA[--Output from testSomething--
]]></system-out>
  <system-err><![CDATA[--Output from testSomething--
]]></system-err>
</testsuite>
