<?xml version="1.0" encoding="UTF-8" ?>
<testsuite errors="0" failures="0" hostname="ROMzombie-PC" name="dream_manager.SearchDreamsServiceTests" tests="1" time="0.101" timestamp="2013-04-17T19:32:17">
  <properties />
  <testcase classname="dream_manager.SearchDreamsServiceTests" name="testSomething" time="0.019" />
  <system-out><![CDATA[--Output from testSomething--
]]></system-out>
  <system-err><![CDATA[--Output from testSomething--
]]></system-err>
</testsuite>
