<?xml version="1.0" encoding="UTF-8" ?>
<testsuite errors="0" failures="0" hostname="ROMzombie-PC" name="dream_manager.TemplateControllerTests" tests="1" time="0.288" timestamp="2013-04-17T19:32:20">
  <properties />
  <testcase classname="dream_manager.TemplateControllerTests" name="testSomething" time="0.19" />
  <system-out><![CDATA[--Output from testSomething--
]]></system-out>
  <system-err><![CDATA[--Output from testSomething--
]]></system-err>
</testsuite>
