<?xml version="1.0" encoding="UTF-8" ?>
<testsuite errors="0" failures="0" hostname="ROMzombie-PC" name="dream_manager.ManagerToDreamerControllerTests" tests="7" time="2.638" timestamp="2013-04-17T19:32:15">
  <properties />
  <testcase classname="dream_manager.ManagerToDreamerControllerTests" name="testRejectManagerDreamerRelationshipRequest" time="1.006" />
  <testcase classname="dream_manager.ManagerToDreamerControllerTests" name="testAcceptManagerDreamerRelationshipRequest2" time="0.233" />
  <testcase classname="dream_manager.ManagerToDreamerControllerTests" name="testAcceptManagerDreamerRelationshipRequest" time="0.233" />
  <testcase classname="dream_manager.ManagerToDreamerControllerTests" name="testClaimDreamer3" time="0.551" />
  <testcase classname="dream_manager.ManagerToDreamerControllerTests" name="testClaimDreamer2" time="0.162" />
  <testcase classname="dream_manager.ManagerToDreamerControllerTests" name="testUnclaimDreamer" time="0.166" />
  <testcase classname="dream_manager.ManagerToDreamerControllerTests" name="testClaimDreamer" time="0.171" />
  <system-out><![CDATA[--Output from testRejectManagerDreamerRelationshipRequest--
--Output from testAcceptManagerDreamerRelationshipRequest2--
--Output from testAcceptManagerDreamerRelationshipRequest--
--Output from testClaimDreamer3--
--Output from testClaimDreamer2--
--Output from testUnclaimDreamer--
--Output from testClaimDreamer--
]]></system-out>
  <system-err><![CDATA[--Output from testRejectManagerDreamerRelationshipRequest--
--Output from testAcceptManagerDreamerRelationshipRequest2--
--Output from testAcceptManagerDreamerRelationshipRequest--
--Output from testClaimDreamer3--
--Output from testClaimDreamer2--
--Output from testUnclaimDreamer--
--Output from testClaimDreamer--
]]></system-err>
</testsuite>
