<?xml version="1.0" encoding="UTF-8" ?>
<testsuite errors="0" failures="0" hostname="ROMzombie-PC" name="dream_manager.UserTests" tests="1" time="0.118" timestamp="2013-04-17T19:32:21">
  <properties />
  <testcase classname="dream_manager.UserTests" name="testToString" time="0.115" />
  <system-out><![CDATA[--Output from testToString--
]]></system-out>
  <system-err><![CDATA[--Output from testToString--
]]></system-err>
</testsuite>
