<?xml version="1.0" encoding="UTF-8" ?>
<testsuite errors="0" failures="0" hostname="ROMzombie-PC" name="dream_manager.DreamControllerTests" tests="1" time="1.464" timestamp="2013-04-17T19:32:12">
  <properties />
  <testcase classname="dream_manager.DreamControllerTests" name="testUpdate" time="1.329" />
  <system-out><![CDATA[--Output from testUpdate--
]]></system-out>
  <system-err><![CDATA[--Output from testUpdate--
]]></system-err>
</testsuite>
