<?xml version="1.0" encoding="UTF-8" ?>
<testsuite errors="0" failures="0" hostname="ROMzombie-PC" name="dream_manager.ApiControllerTests" tests="1" time="1.287" timestamp="2013-04-17T19:32:09">
  <properties />
  <testcase classname="dream_manager.ApiControllerTests" name="testSomething" time="1.112" />
  <system-out><![CDATA[--Output from testSomething--
]]></system-out>
  <system-err><![CDATA[--Output from testSomething--
]]></system-err>
</testsuite>
